WARNING:torch.distributed.run:
*****************************************
Setting OMP_NUM_THREADS environment variable for each process to be 1 in default, to avoid your system being overloaded, please further tune the variable for optimal performance in your application as needed. 
*****************************************
loss CE b=1e-05 start=0 end=100
loss CE b=1e-05 start=0 end=100loss CE b=1e-05 start=0 end=100

loss CE b=1e-05 start=0 end=100
| distributed init (rank 0, world 4): env://
| distributed init (rank 2, world 4): env://
| distributed init (rank 3, world 4): env://| distributed init (rank 1, world 4): env://

[W Module.cpp:513] Warning: Disabling benchmark mode for MIOpen is NOT supported. Overriding value to True (function operator())
[W Module.cpp:513] Warning: Disabling benchmark mode for MIOpen is NOT supported. Overriding value to True (function operator())
[W Module.cpp:513] Warning: Disabling benchmark mode for MIOpen is NOT supported. Overriding value to True (function operator())
[W Module.cpp:513] Warning: Disabling benchmark mode for MIOpen is NOT supported. Overriding value to True (function operator())
2023-08-19 19:51:20,946 [INFO] 
=====  Running Parameters    =====
2023-08-19 19:51:20,947 [INFO] {
    "amp": false,
    "batch_size_eval": 2,
    "batch_size_train": 16,
    "device": "cuda",
    "dist_backend": "nccl",
    "dist_url": "env://",
    "distributed": true,
    "evaluate": false,
    "gpu": 0,
    "inference_method": "rank",
    "init_lr": 2e-05,
    "lr_sched": "linear_warmup_cosine_lr",
    "max_epoch": 2,
    "max_len": 10,
    "min_len": 1,
    "min_lr": 0,
    "num_ans_candidates": 128,
    "num_beams": 3,
    "num_workers": 4,
    "output_dir": "outputvqa/BLIP2/CE",
    "rank": 0,
    "resume_ckpt_path": null,
    "seed": 42,
    "task": "vqa",
    "train_splits": [
        "train"
    ],
    "weight_decay": 0.05,
    "world_size": 4
}
2023-08-19 19:51:20,947 [INFO] 
======  Dataset Attributes  ======
2023-08-19 19:51:20,947 [INFO] 
======== vg_vqa =======
2023-08-19 19:51:20,948 [INFO] {
    "build_info": {
        "annotations": {
            "train": {
                "storage": "vg/annotations/vg_qa.json",
                "url": "https://storage.googleapis.com/sfr-vision-language-research/LAVIS/datasets/visual_genome/vg_qa.json"
            }
        },
        "images": {
            "storage": "vg/images/"
        }
    },
    "data_type": "images",
    "text_processor": {
        "train": {
            "name": "blip_question"
        }
    },
    "vis_processor": {
        "train": {
            "image_size": 480,
            "name": "blip_image_train"
        }
    }
}
2023-08-19 19:51:20,948 [INFO] 
======  Model Attributes  ======
2023-08-19 19:51:20,948 [INFO] {
    "arch": "blip2_opt",
    "drop_path_rate": 0,
    "finetuned": "",
    "freeze_vit": true,
    "image_size": 480,
    "load_finetuned": false,
    "load_pretrained": true,
    "model_type": "pretrain_opt2.7b",
    "num_query_token": 32,
    "opt_model": "facebook/opt-2.7b",
    "pretrained": "https://storage.googleapis.com/sfr-vision-language-research/LAVIS/models/BLIP2/blip2_pretrained_opt2.7b.pth",
    "prompt": "",
    "use_grad_checkpoint": false,
    "vit_model": "eva_clip_g",
    "vit_precision": "fp32"
}
Using downloaded and verified file: /public/home/mswanghao/.cache/lavis/vg/annotations/vg_qa.json
2023-08-19 19:51:21,014 [INFO] Building datasets...
BlipQuestionProcessor
Position interpolate from 16x16 to 34x34
2023-08-19 19:51:59,579 [INFO] freeze vision encoder
https://storage.googleapis.com/sfr-vision-language-research/LAVIS/models/BLIP2/blip2_pretrained_opt2.7b.pth
2023-08-19 19:55:21,560 [INFO] load checkpoint from https://storage.googleapis.com/sfr-vision-language-research/LAVIS/models/BLIP2/blip2_pretrained_opt2.7b.pth
2023-08-19 19:55:21,597 [INFO] Start training
2023-08-19 19:55:42,696 [INFO] dataset_ratios not specified, datasets will be concatenated (map-style datasets) or chained (webdataset.DataPipeline).
2023-08-19 19:55:42,698 [INFO] Loaded 145395 records for train split from the dataset.
2023-08-19 19:55:42,741 [INFO] number of trainable parameters: 107133696
2023-08-19 19:55:42,743 [INFO] Start training epoch 0, 2271 iters per inner epoch.
MIOpen(HIP): Warning [ForwardBackwardDataGetWorkSpaceSizeWinograd] /MIOpen/src/sqlite_db.cpp:108: open memvfs: unable to open database file
MIOpen(HIP): Warning [ForwardBackwardDataGetWorkSpaceSizeWinograd] /MIOpen/src/sqlite_db.cpp:108: open memvfs: unable to open database file
MIOpen(HIP): Warning [ForwardBackwardDataGetWorkSpaceSizeWinograd] /MIOpen/src/sqlite_db.cpp:108: open memvfs: unable to open database file
MIOpen(HIP): Warning [ForwardBackwardDataGetWorkSpaceSizeWinograd] /MIOpen/src/sqlite_db.cpp:108: open memvfs: unable to open database file
Train: data epoch: [0]  [   0/2271]  eta: 19:21:24  lr: 0.000020  loss: 2.5955  time: 30.6844  data: 0.0001  max mem: 13737
2023-08-19 19:56:13,453 [INFO] Reducer buckets have been rebuilt in this iteration.
Train: data epoch: [0]  [  50/2271]  eta: 6:07:17  lr: 0.000020  loss: 2.0578  time: 9.5270  data: 0.0000  max mem: 15269
Train: data epoch: [0]  [ 100/2271]  eta: 5:52:09  lr: 0.000020  loss: 1.7447  time: 9.5252  data: 0.0000  max mem: 15389
Train: data epoch: [0]  [ 150/2271]  eta: 5:42:11  lr: 0.000020  loss: 2.0177  time: 9.5543  data: 0.0000  max mem: 15512
slurmstepd: error: *** JOB 13013445 ON b02r2n16 CANCELLED AT 2023-08-19T20:20:04 ***
