WARNING:torch.distributed.run:
*****************************************
Setting OMP_NUM_THREADS environment variable for each process to be 1 in default, to avoid your system being overloaded, please further tune the variable for optimal performance in your application as needed. 
*****************************************
loss DRSL3 b=0.0001 start=0 end=20
loss DRSL3 b=0.0001 start=0 end=20loss DRSL3 b=0.0001 start=0 end=20

loss DRSL3 b=0.0001 start=0 end=20
| distributed init (rank 1, world 4): env://| distributed init (rank 2, world 4): env://| distributed init (rank 3, world 4): env://| distributed init (rank 0, world 4): env://



[W Module.cpp:513] Warning: Disabling benchmark mode for MIOpen is NOT supported. Overriding value to True (function operator())
[W Module.cpp:513] Warning: Disabling benchmark mode for MIOpen is NOT supported. Overriding value to True (function operator())
[W Module.cpp:513] Warning: Disabling benchmark mode for MIOpen is NOT supported. Overriding value to True (function operator())
[W Module.cpp:513] Warning: Disabling benchmark mode for MIOpen is NOT supported. Overriding value to True (function operator())
2023-08-23 14:46:51,425 [INFO] 
=====  Running Parameters    =====
2023-08-23 14:46:51,425 [INFO] {
    "accum_grad_iters": 1,
    "amp": true,
    "batch_size_eval": 2,
    "batch_size_train": 12,
    "device": "cuda",
    "dist_backend": "nccl",
    "dist_url": "env://",
    "distributed": true,
    "evaluate": false,
    "gpu": 0,
    "inference_method": "generate",
    "init_lr": 1e-05,
    "lr_layer_decay": 0.95,
    "lr_sched": "linear_warmup_cosine_lr",
    "max_epoch": 5,
    "max_len": 10,
    "min_len": 1,
    "min_lr": 0,
    "num_beams": 5,
    "num_workers": 4,
    "output_dir": "output_vqacsu/BLIP2/DRSL3_4_0_20",
    "rank": 0,
    "resume_ckpt_path": null,
    "seed": 42,
    "task": "vqa",
    "train_splits": [
        "train"
    ],
    "warmup_lr": 1e-08,
    "warmup_steps": 1000,
    "weight_decay": 0.05,
    "world_size": 4
}
2023-08-23 14:46:51,426 [INFO] 
======  Dataset Attributes  ======
2023-08-23 14:46:51,426 [INFO] 
======== vg_vqa =======
2023-08-23 14:46:51,426 [INFO] {
    "build_info": {
        "annotations": {
            "train": {
                "storage": "vg/annotations/vg_qa.json",
                "url": "https://storage.googleapis.com/sfr-vision-language-research/LAVIS/datasets/visual_genome/vg_qa.json"
            }
        },
        "images": {
            "storage": "vg/images/"
        }
    },
    "data_type": "images",
    "text_processor": {
        "train": {
            "name": "blip_question"
        }
    },
    "vis_processor": {
        "train": {
            "image_size": 400,
            "name": "blip_image_train"
        }
    }
}
2023-08-23 14:46:51,426 [INFO] 
======  Model Attributes  ======
2023-08-23 14:46:51,427 [INFO] {
    "arch": "blip2_opt",
    "drop_path_rate": 0,
    "finetuned": "",
    "freeze_vit": true,
    "image_size": 400,
    "load_finetuned": false,
    "load_pretrained": true,
    "model_type": "pretrain_opt2.7b",
    "num_query_token": 32,
    "opt_model": "facebook/opt-2.7b",
    "pretrained": "https://storage.googleapis.com/sfr-vision-language-research/LAVIS/models/BLIP2/blip2_pretrained_opt2.7b.pth",
    "prompt": "",
    "use_grad_checkpoint": false,
    "vit_model": "eva_clip_g",
    "vit_precision": "fp32"
}
Using downloaded and verified file: /public/home/mswanghao/.cache/lavis/vg/annotations/vg_qa.json
2023-08-23 14:46:51,482 [INFO] Building datasets...
BlipQuestionProcessor
Position interpolate from 16x16 to 28x28
2023-08-23 14:47:29,786 [INFO] freeze vision encoder
pretrain_path: https://storage.googleapis.com/sfr-vision-language-research/LAVIS/models/BLIP2/blip2_pretrained_opt2.7b.pth
2023-08-23 14:50:53,586 [INFO] load checkpoint from https://storage.googleapis.com/sfr-vision-language-research/LAVIS/models/BLIP2/blip2_pretrained_opt2.7b.pth
2023-08-23 14:50:53,621 [INFO] Start training
2023-08-23 14:51:14,951 [INFO] dataset_ratios not specified, datasets will be concatenated (map-style datasets) or chained (webdataset.DataPipeline).
2023-08-23 14:51:14,952 [INFO] Loaded 13756 records for train split from the dataset.
2023-08-23 14:51:15,001 [INFO] number of trainable parameters: 107133696
2023-08-23 14:51:15,011 [INFO] Start training epoch 0, 286 iters per inner epoch.
MIOpen(HIP): Warning [ForwardBackwardDataGetWorkSpaceSizeWinograd] /MIOpen/src/sqlite_db.cpp:108: open memvfs: unable to open database file
MIOpen(HIP): Warning [ForwardBackwardDataGetWorkSpaceSizeWinograd] /MIOpen/src/sqlite_db.cpp:108: open memvfs: unable to open database file
MIOpen(HIP): Warning [ForwardBackwardDataGetWorkSpaceSizeWinograd] /MIOpen/src/sqlite_db.cpp:108: open memvfs: unable to open database file
MIOpen(HIP): Warning [ForwardBackwardDataGetWorkSpaceSizeWinograd] /MIOpen/src/sqlite_db.cpp:108: open memvfs: unable to open database file
Train: data epoch: [0]  [  0/286]  eta: 1:48:52  lr: 0.000000  loss: 3.0486  time: 22.8396  data: 0.0000  max mem: 12837
2023-08-23 14:51:38,008 [INFO] Reducer buckets have been rebuilt in this iteration.
Train: data epoch: [0]  [ 50/286]  eta: 0:21:54  lr: 0.000001  loss: 3.1111  time: 5.2296  data: 0.0000  max mem: 14127
Train: data epoch: [0]  [100/286]  eta: 0:16:45  lr: 0.000001  loss: 2.8972  time: 5.2285  data: 0.0000  max mem: 14133
Train: data epoch: [0]  [150/286]  eta: 0:12:06  lr: 0.000002  loss: 2.5116  time: 5.2309  data: 0.0000  max mem: 14133
Train: data epoch: [0]  [200/286]  eta: 0:07:36  lr: 0.000002  loss: 1.5933  time: 5.1962  data: 0.0000  max mem: 14133
Train: data epoch: [0]  [250/286]  eta: 0:03:10  lr: 0.000003  loss: 1.1175  time: 5.2116  data: 0.0000  max mem: 14133
Train: data epoch: [0]  [285/286]  eta: 0:00:05  lr: 0.000003  loss: 0.6609  time: 5.1999  data: 0.0000  max mem: 14133
Train: data epoch: [0] Total time: 0:25:10 (5.2824 s / it)
2023-08-23 15:16:25,787 [INFO] Averaged stats: lr: 0.0000  loss: 2.2269
2023-08-23 15:16:25,797 [INFO] No validation splits found.
2023-08-23 15:16:25,865 [INFO] Saving checkpoint at epoch 0 to /public/home/mswanghao/TorchProject/lavis/lavis/output_vqacsu/BLIP2/DRSL3_4_0_20/20230823144/checkpoint_0.pth.
2023-08-23 15:16:30,190 [INFO] Start training
2023-08-23 15:16:30,235 [INFO] Start training epoch 1, 286 iters per inner epoch.
Train: data epoch: [1]  [  0/286]  eta: 0:45:28  lr: 0.000009  loss: 0.6020  time: 9.5386  data: 0.0000  max mem: 14133
Train: data epoch: [1]  [ 50/286]  eta: 0:20:53  lr: 0.000009  loss: 0.4959  time: 5.2156  data: 0.0000  max mem: 14133
Train: data epoch: [1]  [100/286]  eta: 0:16:19  lr: 0.000009  loss: 0.5610  time: 5.2274  data: 0.0000  max mem: 14145
Train: data epoch: [1]  [150/286]  eta: 0:11:54  lr: 0.000009  loss: 0.6618  time: 5.2255  data: 0.0000  max mem: 14145
Train: data epoch: [1]  [200/286]  eta: 0:07:30  lr: 0.000009  loss: 0.7829  time: 5.2205  data: 0.0000  max mem: 14145
Train: data epoch: [1]  [250/286]  eta: 0:03:08  lr: 0.000009  loss: 0.6684  time: 5.2203  data: 0.0000  max mem: 14145
Train: data epoch: [1]  [285/286]  eta: 0:00:05  lr: 0.000009  loss: 0.4668  time: 5.2117  data: 0.0000  max mem: 14145
Train: data epoch: [1] Total time: 0:24:56 (5.2340 s / it)
2023-08-23 15:41:27,190 [INFO] Averaged stats: lr: 0.0000  loss: 0.6075
2023-08-23 15:41:27,219 [INFO] No validation splits found.
2023-08-23 15:41:27,271 [INFO] Saving checkpoint at epoch 1 to /public/home/mswanghao/TorchProject/lavis/lavis/output_vqacsu/BLIP2/DRSL3_4_0_20/20230823144/checkpoint_1.pth.
2023-08-23 15:41:30,748 [INFO] Start training
2023-08-23 15:41:30,795 [INFO] Start training epoch 2, 286 iters per inner epoch.
Train: data epoch: [2]  [  0/286]  eta: 0:42:57  lr: 0.000007  loss: 0.4999  time: 9.0132  data: 0.0000  max mem: 14145
Train: data epoch: [2]  [ 50/286]  eta: 0:20:47  lr: 0.000007  loss: 0.4880  time: 5.2186  data: 0.0000  max mem: 14145
slurmstepd: error: *** JOB 13125552 ON b02r3n10 CANCELLED AT 2023-08-23T15:48:52 ***
