WARNING:__main__:
*****************************************
Setting OMP_NUM_THREADS environment variable for each process to be 1 in default, to avoid your system being overloaded, please further tune the variable for optimal performance in your application as needed. 
*****************************************
loss DRSL3 b=1e-05 start=0 end=20loss DRSL3 b=1e-05 start=0 end=20

loss DRSL3 b=1e-05 start=0 end=20
loss DRSL3 b=1e-05 start=0 end=20
| distributed init (rank 1, world 4): env://| distributed init (rank 0, world 4): env://| distributed init (rank 2, world 4): env://| distributed init (rank 3, world 4): env://



[W Module.cpp:513] Warning: Disabling benchmark mode for MIOpen is NOT supported. Overriding value to True (function operator())
[W Module.cpp:513] Warning: Disabling benchmark mode for MIOpen is NOT supported. Overriding value to True (function operator())
[W Module.cpp:513] Warning: Disabling benchmark mode for MIOpen is NOT supported. Overriding value to True (function operator())
[W Module.cpp:513] Warning: Disabling benchmark mode for MIOpen is NOT supported. Overriding value to True (function operator())
2023-08-18 23:47:26,066 [INFO] 
=====  Running Parameters    =====
2023-08-18 23:47:26,067 [INFO] {
    "amp": true,
    "batch_size_eval": 2,
    "batch_size_train": 16,
    "device": "cuda",
    "dist_backend": "nccl",
    "dist_url": "env://",
    "distributed": true,
    "evaluate": false,
    "gpu": 0,
    "init_lr": 0.0005,
    "lr_sched": "linear_warmup_cosine_lr",
    "max_epoch": 10,
    "min_lr": 1e-05,
    "num_workers": 4,
    "output_dir": "output2/BLIP2/DRSL3_0_100_Pretrain_stage2",
    "rank": 0,
    "resume_ckpt_path": null,
    "seed": 42,
    "task": "image_text_pretrain",
    "train_splits": [
        "train"
    ],
    "warmup_lr": 1e-06,
    "warmup_steps": 2000,
    "weight_decay": 0.05,
    "world_size": 4
}
2023-08-18 23:47:26,067 [INFO] 
======  Dataset Attributes  ======
2023-08-18 23:47:26,067 [INFO] 
======== coco_caption =======
2023-08-18 23:47:26,069 [INFO] {
    "build_info": {
        "annotations": {
            "test": {
                "md5": "3ff34b0ef2db02d01c37399f6a2a6cd1",
                "storage": "coco/annotations/coco_karpathy_test.json",
                "url": "https://storage.googleapis.com/sfr-vision-language-research/datasets/coco_karpathy_test.json"
            },
            "train": {
                "md5": "aa31ac474cf6250ebb81d18348a07ed8",
                "storage": "coco/annotations/coco_karpathy_train.json",
                "url": "https://storage.googleapis.com/sfr-vision-language-research/datasets/coco_karpathy_train.json"
            },
            "val": {
                "md5": "b273847456ef5580e33713b1f7de52a0",
                "storage": "coco/annotations/coco_karpathy_val.json",
                "url": "https://storage.googleapis.com/sfr-vision-language-research/datasets/coco_karpathy_val.json"
            }
        },
        "images": {
            "storage": "coco/images/"
        }
    },
    "data_type": "images",
    "dataset_card": "dataset_card/coco_caption.md",
    "text_processor": {
        "train": {
            "name": "blip_caption"
        }
    },
    "vis_processor": {
        "train": {
            "image_size": 224,
            "name": "blip2_image_train"
        }
    }
}
2023-08-18 23:47:26,069 [INFO] 
======  Model Attributes  ======
2023-08-18 23:47:26,070 [INFO] {
    "arch": "blip2_opt",
    "drop_path_rate": 0,
    "finetuned": "",
    "freeze_vit": true,
    "image_size": 224,
    "load_finetuned": false,
    "load_pretrained": true,
    "model_type": "pretrain_opt2.7b",
    "num_query_token": 32,
    "opt_model": "facebook/opt-2.7b",
    "pretrained": "https://storage.googleapis.com/sfr-vision-language-research/LAVIS/models/BLIP2/blip2_pretrained.pth",
    "prompt": "",
    "use_grad_checkpoint": false,
    "vit_precision": "fp16"
}
Using downloaded and verified file: /public/home/mswanghao/.cache/lavis/coco/annotations/coco_karpathy_train.json
Using downloaded and verified file: /public/home/mswanghao/.cache/lavis/coco/annotations/coco_karpathy_val.json
Using downloaded and verified file: /public/home/mswanghao/.cache/lavis/coco/annotations/coco_karpathy_test.json
2023-08-18 23:47:26,079 [INFO] Building datasets...
2023-08-18 23:47:56,852 [INFO] freeze vision encoder
slurmstepd: error: *** JOB 13004235 ON a12r1n04 CANCELLED AT 2023-08-18T23:47:59 ***
