WARNING:torch.distributed.run:
*****************************************
Setting OMP_NUM_THREADS environment variable for each process to be 1 in default, to avoid your system being overloaded, please further tune the variable for optimal performance in your application as needed. 
*****************************************
loss DRSL3 b=0.0001 start=0 end=6loss DRSL3 b=0.0001 start=0 end=6

loss DRSL3 b=0.0001 start=0 end=6
loss DRSL3 b=0.0001 start=0 end=6
| distributed init (rank 1, world 4): env://| distributed init (rank 2, world 4): env://| distributed init (rank 3, world 4): env://


| distributed init (rank 0, world 4): env://
[W Module.cpp:513] Warning: Disabling benchmark mode for MIOpen is NOT supported. Overriding value to True (function operator())
[W Module.cpp:513] Warning: Disabling benchmark mode for MIOpen is NOT supported. Overriding value to True (function operator())
2023-08-23 14:27:59,049 [INFO] 
=====  Running Parameters    =====
2023-08-23 14:27:59,050 [INFO] {
    "accum_grad_iters": 1,
    "amp": true,
    "batch_size_eval": 2,
    "batch_size_train": 12,
    "device": "cuda",
    "dist_backend": "nccl",
    "dist_url": "env://",
    "distributed": true,
    "evaluate": false,
    "gpu": 0,
    "inference_method": "generate",
    "init_lr": 1e-05,
    "lr_layer_decay": 0.95,
    "lr_sched": "linear_warmup_cosine_lr",
    "max_epoch": 5,
    "max_len": 10,
    "min_len": 1,
    "min_lr": 0,
    "num_beams": 5,
    "num_workers": 4,
    "output_dir": "output_vqacsu/BLIP2/DRSL3_4_0_6",
    "rank": 0,
    "resume_ckpt_path": null,
    "seed": 42,
    "task": "vqa",
    "train_splits": [
        "train"
    ],
    "warmup_lr": 1e-08,
    "warmup_steps": 1000,
    "weight_decay": 0.05,
    "world_size": 4
}
2023-08-23 14:27:59,050 [INFO] 
======  Dataset Attributes  ======
2023-08-23 14:27:59,050 [INFO] 
======== vg_vqa =======
2023-08-23 14:27:59,050 [INFO] {
    "build_info": {
        "annotations": {
            "train": {
                "storage": "vg/annotations/vg_qa.json",
                "url": "https://storage.googleapis.com/sfr-vision-language-research/LAVIS/datasets/visual_genome/vg_qa.json"
            }
        },
        "images": {
            "storage": "vg/images/"
        }
    },
    "data_type": "images",
    "text_processor": {
        "train": {
            "name": "blip_question"
        }
    },
    "vis_processor": {
        "train": {
            "image_size": 400,
            "name": "blip_image_train"
        }
    }
}
2023-08-23 14:27:59,050 [INFO] 
======  Model Attributes  ======
2023-08-23 14:27:59,051 [INFO] {
    "arch": "blip2_opt",
    "drop_path_rate": 0,
    "finetuned": "",
    "freeze_vit": true,
    "image_size": 400,
    "load_finetuned": false,
    "load_pretrained": true,
    "model_type": "pretrain_opt2.7b",
    "num_query_token": 32,
    "opt_model": "facebook/opt-2.7b",
    "pretrained": "https://storage.googleapis.com/sfr-vision-language-research/LAVIS/models/BLIP2/blip2_pretrained_opt2.7b.pth",
    "prompt": "",
    "use_grad_checkpoint": false,
    "vit_model": "eva_clip_g",
    "vit_precision": "fp32"
}
[W Module.cpp:513] Warning: Disabling benchmark mode for MIOpen is NOT supported. Overriding value to True (function operator())
[W Module.cpp:513] Warning: Disabling benchmark mode for MIOpen is NOT supported. Overriding value to True (function operator())
Using downloaded and verified file: /public/home/mswanghao/.cache/lavis/vg/annotations/vg_qa.json
2023-08-23 14:27:59,054 [INFO] Building datasets...
BlipQuestionProcessor
Position interpolate from 16x16 to 28x28
2023-08-23 14:28:35,895 [INFO] freeze vision encoder
pretrain_path: https://storage.googleapis.com/sfr-vision-language-research/LAVIS/models/BLIP2/blip2_pretrained_opt2.7b.pth
2023-08-23 14:32:00,038 [INFO] load checkpoint from https://storage.googleapis.com/sfr-vision-language-research/LAVIS/models/BLIP2/blip2_pretrained_opt2.7b.pth
2023-08-23 14:32:00,078 [INFO] Start training
2023-08-23 14:32:20,908 [INFO] dataset_ratios not specified, datasets will be concatenated (map-style datasets) or chained (webdataset.DataPipeline).
2023-08-23 14:32:20,935 [INFO] Loaded 13756 records for train split from the dataset.
2023-08-23 14:32:20,985 [INFO] number of trainable parameters: 107133696
2023-08-23 14:32:20,986 [INFO] Start training epoch 0, 286 iters per inner epoch.
MIOpen(HIP): Warning [ForwardBackwardDataGetWorkSpaceSizeWinograd] /MIOpen/src/sqlite_db.cpp:108: open memvfs: unable to open database file
MIOpen(HIP): Warning [ForwardBackwardDataGetWorkSpaceSizeWinograd] /MIOpen/src/sqlite_db.cpp:108: open memvfs: unable to open database file
MIOpen(HIP): Warning [ForwardBackwardDataGetWorkSpaceSizeWinograd] /MIOpen/src/sqlite_db.cpp:108: open memvfs: unable to open database file
MIOpen(HIP): Warning [ForwardBackwardDataGetWorkSpaceSizeWinograd] /MIOpen/src/sqlite_db.cpp:108: open memvfs: unable to open database file
Train: data epoch: [0]  [  0/286]  eta: 1:57:09  lr: 0.000000  loss: 3.0523  time: 24.5771  data: 0.0000  max mem: 12837
2023-08-23 14:32:45,607 [INFO] Reducer buckets have been rebuilt in this iteration.
Train: data epoch: [0]  [ 50/286]  eta: 0:21:59  lr: 0.000001  loss: 3.1178  time: 5.2131  data: 0.0000  max mem: 14125
Train: data epoch: [0]  [100/286]  eta: 0:16:47  lr: 0.000001  loss: 2.9022  time: 5.2312  data: 0.0000  max mem: 14132
Train: data epoch: [0]  [150/286]  eta: 0:12:07  lr: 0.000002  loss: 2.5165  time: 5.2182  data: 0.0000  max mem: 14132
Train: data epoch: [0]  [200/286]  eta: 0:07:37  lr: 0.000002  loss: 1.6022  time: 5.2131  data: 0.0000  max mem: 14132
Train: data epoch: [0]  [250/286]  eta: 0:03:10  lr: 0.000003  loss: 1.1269  time: 5.2201  data: 0.0000  max mem: 14132
Train: data epoch: [0]  [285/286]  eta: 0:00:05  lr: 0.000003  loss: 0.6670  time: 5.2284  data: 0.0000  max mem: 14132
Train: data epoch: [0] Total time: 0:25:12 (5.2901 s / it)
2023-08-23 14:57:33,982 [INFO] Averaged stats: lr: 0.0000  loss: 2.2338
2023-08-23 14:57:33,995 [INFO] No validation splits found.
2023-08-23 14:57:34,065 [INFO] Saving checkpoint at epoch 0 to /public/home/mswanghao/TorchProject/lavis/lavis/output_vqacsu/BLIP2/DRSL3_4_0_6/20230823142/checkpoint_0.pth.
2023-08-23 14:57:38,724 [INFO] Start training
2023-08-23 14:57:38,766 [INFO] Start training epoch 1, 286 iters per inner epoch.
Train: data epoch: [1]  [  0/286]  eta: 0:45:48  lr: 0.000009  loss: 0.6060  time: 9.6118  data: 0.0000  max mem: 14132
Train: data epoch: [1]  [ 50/286]  eta: 0:20:51  lr: 0.000009  loss: 0.4970  time: 5.2328  data: 0.0000  max mem: 14132
Train: data epoch: [1]  [100/286]  eta: 0:16:19  lr: 0.000009  loss: 0.5571  time: 5.2418  data: 0.0000  max mem: 14144
Train: data epoch: [1]  [150/286]  eta: 0:11:53  lr: 0.000009  loss: 0.6745  time: 5.2044  data: 0.0000  max mem: 14144
Train: data epoch: [1]  [200/286]  eta: 0:07:31  lr: 0.000009  loss: 0.7917  time: 5.2368  data: 0.0000  max mem: 14144
Train: data epoch: [1]  [250/286]  eta: 0:03:08  lr: 0.000009  loss: 0.6719  time: 5.2297  data: 0.0000  max mem: 14144
Train: data epoch: [1]  [285/286]  eta: 0:00:05  lr: 0.000009  loss: 0.4782  time: 5.1870  data: 0.0000  max mem: 14144
Train: data epoch: [1] Total time: 0:24:56 (5.2341 s / it)
2023-08-23 15:22:35,742 [INFO] Averaged stats: lr: 0.0000  loss: 0.6083
2023-08-23 15:22:35,792 [INFO] No validation splits found.
2023-08-23 15:22:35,833 [INFO] Saving checkpoint at epoch 1 to /public/home/mswanghao/TorchProject/lavis/lavis/output_vqacsu/BLIP2/DRSL3_4_0_6/20230823142/checkpoint_1.pth.
2023-08-23 15:22:40,226 [INFO] Start training
2023-08-23 15:22:40,274 [INFO] Start training epoch 2, 286 iters per inner epoch.
Train: data epoch: [2]  [  0/286]  eta: 0:45:34  lr: 0.000007  loss: 0.5128  time: 9.5605  data: 0.0000  max mem: 14144
slurmstepd: error: *** JOB 13125289 ON b02r2n06 CANCELLED AT 2023-08-23T15:24:05 ***
