WARNING:torch.distributed.run:
*****************************************
Setting OMP_NUM_THREADS environment variable for each process to be 1 in default, to avoid your system being overloaded, please further tune the variable for optimal performance in your application as needed. 
*****************************************
loss DRSL3 b=1e-06 start=0 end=6loss DRSL3 b=1e-06 start=0 end=6

loss DRSL3 b=1e-06 start=0 end=6
loss DRSL3 b=1e-06 start=0 end=6
| distributed init (rank 2, world 4): env://
| distributed init (rank 0, world 4): env://| distributed init (rank 1, world 4): env://

| distributed init (rank 3, world 4): env://
[W Module.cpp:513] Warning: Disabling benchmark mode for MIOpen is NOT supported. Overriding value to True (function operator())
[W Module.cpp:513] Warning: Disabling benchmark mode for MIOpen is NOT supported. Overriding value to True (function operator())
[W Module.cpp:513] Warning: Disabling benchmark mode for MIOpen is NOT supported. Overriding value to True (function operator())
[W Module.cpp:513] Warning: Disabling benchmark mode for MIOpen is NOT supported. Overriding value to True (function operator())
2023-08-23 14:24:37,293 [INFO] 
=====  Running Parameters    =====
2023-08-23 14:24:37,296 [INFO] {
    "accum_grad_iters": 1,
    "amp": true,
    "batch_size_eval": 2,
    "batch_size_train": 12,
    "device": "cuda",
    "dist_backend": "nccl",
    "dist_url": "env://",
    "distributed": true,
    "evaluate": false,
    "gpu": 0,
    "inference_method": "generate",
    "init_lr": 1e-05,
    "lr_layer_decay": 0.95,
    "lr_sched": "linear_warmup_cosine_lr",
    "max_epoch": 5,
    "max_len": 10,
    "min_len": 1,
    "min_lr": 0,
    "num_beams": 5,
    "num_workers": 4,
    "output_dir": "output_vqacsu/BLIP2/DRSL3_6_0_6",
    "rank": 0,
    "resume_ckpt_path": null,
    "seed": 42,
    "task": "vqa",
    "train_splits": [
        "train"
    ],
    "warmup_lr": 1e-08,
    "warmup_steps": 1000,
    "weight_decay": 0.05,
    "world_size": 4
}
2023-08-23 14:24:37,296 [INFO] 
======  Dataset Attributes  ======
2023-08-23 14:24:37,297 [INFO] 
======== vg_vqa =======
2023-08-23 14:24:37,297 [INFO] {
    "build_info": {
        "annotations": {
            "train": {
                "storage": "vg/annotations/vg_qa.json",
                "url": "https://storage.googleapis.com/sfr-vision-language-research/LAVIS/datasets/visual_genome/vg_qa.json"
            }
        },
        "images": {
            "storage": "vg/images/"
        }
    },
    "data_type": "images",
    "text_processor": {
        "train": {
            "name": "blip_question"
        }
    },
    "vis_processor": {
        "train": {
            "image_size": 400,
            "name": "blip_image_train"
        }
    }
}
2023-08-23 14:24:37,297 [INFO] 
======  Model Attributes  ======
2023-08-23 14:24:37,298 [INFO] {
    "arch": "blip2_opt",
    "drop_path_rate": 0,
    "finetuned": "",
    "freeze_vit": true,
    "image_size": 400,
    "load_finetuned": false,
    "load_pretrained": true,
    "model_type": "pretrain_opt2.7b",
    "num_query_token": 32,
    "opt_model": "facebook/opt-2.7b",
    "pretrained": "https://storage.googleapis.com/sfr-vision-language-research/LAVIS/models/BLIP2/blip2_pretrained_opt2.7b.pth",
    "prompt": "",
    "use_grad_checkpoint": false,
    "vit_model": "eva_clip_g",
    "vit_precision": "fp32"
}
Using downloaded and verified file: /public/home/mswanghao/.cache/lavis/vg/annotations/vg_qa.json
2023-08-23 14:24:37,365 [INFO] Building datasets...
BlipQuestionProcessor
Position interpolate from 16x16 to 28x28
2023-08-23 14:25:16,375 [INFO] freeze vision encoder
slurmstepd: error: *** JOB 13125239 ON b02r2n06 CANCELLED AT 2023-08-23T14:25:31 ***
